<?xml version="1.0" encoding="UTF-8"?>
<testng-results skipped="0" failed="0" total="23" passed="23">
  <reporter-output>
  </reporter-output>
  <suite name="Command line suite" duration-ms="3217" started-at="2016-02-17T15:02:19Z" finished-at="2016-02-17T15:02:22Z">
    <groups>
    </groups>
    <test name="Command line test" duration-ms="3217" started-at="2016-02-17T15:02:19Z" finished-at="2016-02-17T15:02:22Z">
      <class name="com.spring.test.controller.AppControllerTest">
        <test-method status="PASS" signature="setUp()[pri:0, instance:com.spring.test.controller.AppControllerTest@610694f1]" name="setUp" is-config="true" duration-ms="322" started-at="2016-02-17T15:02:19Z" finished-at="2016-02-17T15:02:19Z">
          <reporter-output>
          </reporter-output>
        </test-method> <!-- setUp -->
        <test-method status="PASS" signature="deleteEmployee()[pri:0, instance:com.spring.test.controller.AppControllerTest@610694f1]" name="deleteEmployee" duration-ms="10" started-at="2016-02-17T15:02:19Z" finished-at="2016-02-17T15:02:19Z">
          <reporter-output>
          </reporter-output>
        </test-method> <!-- deleteEmployee -->
        <test-method status="PASS" signature="editEmployee()[pri:0, instance:com.spring.test.controller.AppControllerTest@610694f1]" name="editEmployee" duration-ms="51" started-at="2016-02-17T15:02:19Z" finished-at="2016-02-17T15:02:19Z">
          <reporter-output>
          </reporter-output>
        </test-method> <!-- editEmployee -->
        <test-method status="PASS" signature="listEmployees()[pri:0, instance:com.spring.test.controller.AppControllerTest@610694f1]" name="listEmployees" duration-ms="9" started-at="2016-02-17T15:02:19Z" finished-at="2016-02-17T15:02:19Z">
          <reporter-output>
          </reporter-output>
        </test-method> <!-- listEmployees -->
        <test-method status="PASS" signature="newEmployee()[pri:0, instance:com.spring.test.controller.AppControllerTest@610694f1]" name="newEmployee" duration-ms="0" started-at="2016-02-17T15:02:19Z" finished-at="2016-02-17T15:02:19Z">
          <reporter-output>
          </reporter-output>
        </test-method> <!-- newEmployee -->
        <test-method status="PASS" signature="saveEmployeeWithSuccess()[pri:0, instance:com.spring.test.controller.AppControllerTest@610694f1]" name="saveEmployeeWithSuccess" duration-ms="2" started-at="2016-02-17T15:02:19Z" finished-at="2016-02-17T15:02:19Z">
          <reporter-output>
          </reporter-output>
        </test-method> <!-- saveEmployeeWithSuccess -->
        <test-method status="PASS" signature="saveEmployeeWithValidationError()[pri:0, instance:com.spring.test.controller.AppControllerTest@610694f1]" name="saveEmployeeWithValidationError" duration-ms="6" started-at="2016-02-17T15:02:19Z" finished-at="2016-02-17T15:02:19Z">
          <reporter-output>
          </reporter-output>
        </test-method> <!-- saveEmployeeWithValidationError -->
        <test-method status="PASS" signature="saveEmployeeWithValidationErrorNonUniqueSSN()[pri:0, instance:com.spring.test.controller.AppControllerTest@610694f1]" name="saveEmployeeWithValidationErrorNonUniqueSSN" duration-ms="2" started-at="2016-02-17T15:02:19Z" finished-at="2016-02-17T15:02:19Z">
          <reporter-output>
          </reporter-output>
        </test-method> <!-- saveEmployeeWithValidationErrorNonUniqueSSN -->
        <test-method status="PASS" signature="updateEmployeeWithSuccess()[pri:0, instance:com.spring.test.controller.AppControllerTest@610694f1]" name="updateEmployeeWithSuccess" duration-ms="0" started-at="2016-02-17T15:02:19Z" finished-at="2016-02-17T15:02:19Z">
          <reporter-output>
          </reporter-output>
        </test-method> <!-- updateEmployeeWithSuccess -->
        <test-method status="PASS" signature="updateEmployeeWithValidationError()[pri:0, instance:com.spring.test.controller.AppControllerTest@610694f1]" name="updateEmployeeWithValidationError" duration-ms="0" started-at="2016-02-17T15:02:19Z" finished-at="2016-02-17T15:02:19Z">
          <reporter-output>
          </reporter-output>
        </test-method> <!-- updateEmployeeWithValidationError -->
        <test-method status="PASS" signature="updateEmployeeWithValidationErrorNonUniqueSSN()[pri:0, instance:com.spring.test.controller.AppControllerTest@610694f1]" name="updateEmployeeWithValidationErrorNonUniqueSSN" duration-ms="2" started-at="2016-02-17T15:02:19Z" finished-at="2016-02-17T15:02:19Z">
          <reporter-output>
          </reporter-output>
        </test-method> <!-- updateEmployeeWithValidationErrorNonUniqueSSN -->
      </class> <!-- com.spring.test.controller.AppControllerTest -->
      <class name="com.spring.test.dao.EmployeeDaoImplTest">
        <test-method status="PASS" signature="springTestContextBeforeTestClass()[pri:0, instance:com.spring.test.dao.EmployeeDaoImplTest@3a883ce7]" name="springTestContextBeforeTestClass" is-config="true" duration-ms="1" started-at="2016-02-17T15:02:19Z" finished-at="2016-02-17T15:02:19Z">
          <reporter-output>
          </reporter-output>
        </test-method> <!-- springTestContextBeforeTestClass -->
        <test-method status="PASS" signature="springTestContextPrepareTestInstance()[pri:0, instance:com.spring.test.dao.EmployeeDaoImplTest@3a883ce7]" name="springTestContextPrepareTestInstance" is-config="true" duration-ms="1936" started-at="2016-02-17T15:02:19Z" depends-on-methods="org.springframework.test.context.testng.AbstractTestNGSpringContextTests.springTestContextBeforeTestClass" finished-at="2016-02-17T15:02:21Z">
          <reporter-output>
          </reporter-output>
        </test-method> <!-- springTestContextPrepareTestInstance -->
        <test-method status="PASS" signature="springTestContextBeforeTestMethod(java.lang.reflect.Method)[pri:0, instance:com.spring.test.dao.EmployeeDaoImplTest@3a883ce7]" name="springTestContextBeforeTestMethod" is-config="true" duration-ms="97" started-at="2016-02-17T15:02:21Z" finished-at="2016-02-17T15:02:21Z">
          <params>
            <param index="0">
              <value>
                <![CDATA[public void com.spring.test.dao.EmployeeDaoImplTest.deleteEmployeeByInvalidSsn()]]>
              </value>
            </param>
          </params>
          <reporter-output>
          </reporter-output>
        </test-method> <!-- springTestContextBeforeTestMethod -->
        <test-method status="PASS" signature="setUp()[pri:0, instance:com.spring.test.dao.EmployeeDaoImplTest@3a883ce7]" name="setUp" is-config="true" duration-ms="218" started-at="2016-02-17T15:02:21Z" finished-at="2016-02-17T15:02:22Z">
          <reporter-output>
          </reporter-output>
        </test-method> <!-- setUp -->
        <test-method status="PASS" signature="deleteEmployeeByInvalidSsn()[pri:0, instance:com.spring.test.dao.EmployeeDaoImplTest@3a883ce7]" name="deleteEmployeeByInvalidSsn" duration-ms="136" started-at="2016-02-17T15:02:22Z" finished-at="2016-02-17T15:02:22Z">
          <reporter-output>
          </reporter-output>
        </test-method> <!-- deleteEmployeeByInvalidSsn -->
        <test-method status="PASS" signature="setUp()[pri:0, instance:com.spring.test.dao.EmployeeDaoImplTest@3a883ce7]" name="setUp" is-config="true" duration-ms="40" started-at="2016-02-17T15:02:22Z" finished-at="2016-02-17T15:02:22Z">
          <reporter-output>
          </reporter-output>
        </test-method> <!-- setUp -->
        <test-method status="PASS" signature="springTestContextAfterTestMethod(java.lang.reflect.Method)[pri:0, instance:com.spring.test.dao.EmployeeDaoImplTest@3a883ce7]" name="springTestContextAfterTestMethod" is-config="true" duration-ms="0" started-at="2016-02-17T15:02:22Z" finished-at="2016-02-17T15:02:22Z">
          <params>
            <param index="0">
              <value>
                <![CDATA[public void com.spring.test.dao.EmployeeDaoImplTest.deleteEmployeeByInvalidSsn()]]>
              </value>
            </param>
          </params>
          <reporter-output>
          </reporter-output>
        </test-method> <!-- springTestContextAfterTestMethod -->
        <test-method status="PASS" signature="springTestContextBeforeTestMethod(java.lang.reflect.Method)[pri:0, instance:com.spring.test.dao.EmployeeDaoImplTest@3a883ce7]" name="springTestContextBeforeTestMethod" is-config="true" duration-ms="0" started-at="2016-02-17T15:02:22Z" finished-at="2016-02-17T15:02:22Z">
          <params>
            <param index="0">
              <value>
                <![CDATA[public void com.spring.test.dao.EmployeeDaoImplTest.deleteEmployeeBySsn()]]>
              </value>
            </param>
          </params>
          <reporter-output>
          </reporter-output>
        </test-method> <!-- springTestContextBeforeTestMethod -->
        <test-method status="PASS" signature="deleteEmployeeBySsn()[pri:0, instance:com.spring.test.dao.EmployeeDaoImplTest@3a883ce7]" name="deleteEmployeeBySsn" duration-ms="3" started-at="2016-02-17T15:02:22Z" finished-at="2016-02-17T15:02:22Z">
          <reporter-output>
          </reporter-output>
        </test-method> <!-- deleteEmployeeBySsn -->
        <test-method status="PASS" signature="springTestContextAfterTestMethod(java.lang.reflect.Method)[pri:0, instance:com.spring.test.dao.EmployeeDaoImplTest@3a883ce7]" name="springTestContextAfterTestMethod" is-config="true" duration-ms="4" started-at="2016-02-17T15:02:22Z" finished-at="2016-02-17T15:02:22Z">
          <params>
            <param index="0">
              <value>
                <![CDATA[public void com.spring.test.dao.EmployeeDaoImplTest.deleteEmployeeBySsn()]]>
              </value>
            </param>
          </params>
          <reporter-output>
          </reporter-output>
        </test-method> <!-- springTestContextAfterTestMethod -->
        <test-method status="PASS" signature="springTestContextBeforeTestMethod(java.lang.reflect.Method)[pri:0, instance:com.spring.test.dao.EmployeeDaoImplTest@3a883ce7]" name="springTestContextBeforeTestMethod" is-config="true" duration-ms="2" started-at="2016-02-17T15:02:22Z" finished-at="2016-02-17T15:02:22Z">
          <params>
            <param index="0">
              <value>
                <![CDATA[public void com.spring.test.dao.EmployeeDaoImplTest.findAllEmployees()]]>
              </value>
            </param>
          </params>
          <reporter-output>
          </reporter-output>
        </test-method> <!-- springTestContextBeforeTestMethod -->
        <test-method status="PASS" signature="setUp()[pri:0, instance:com.spring.test.dao.EmployeeDaoImplTest@3a883ce7]" name="setUp" is-config="true" duration-ms="27" started-at="2016-02-17T15:02:22Z" finished-at="2016-02-17T15:02:22Z">
          <reporter-output>
          </reporter-output>
        </test-method> <!-- setUp -->
        <test-method status="PASS" signature="findAllEmployees()[pri:0, instance:com.spring.test.dao.EmployeeDaoImplTest@3a883ce7]" name="findAllEmployees" duration-ms="3" started-at="2016-02-17T15:02:22Z" finished-at="2016-02-17T15:02:22Z">
          <reporter-output>
          </reporter-output>
        </test-method> <!-- findAllEmployees -->
        <test-method status="PASS" signature="springTestContextAfterTestMethod(java.lang.reflect.Method)[pri:0, instance:com.spring.test.dao.EmployeeDaoImplTest@3a883ce7]" name="springTestContextAfterTestMethod" is-config="true" duration-ms="3" started-at="2016-02-17T15:02:22Z" finished-at="2016-02-17T15:02:22Z">
          <params>
            <param index="0">
              <value>
                <![CDATA[public void com.spring.test.dao.EmployeeDaoImplTest.findAllEmployees()]]>
              </value>
            </param>
          </params>
          <reporter-output>
          </reporter-output>
        </test-method> <!-- springTestContextAfterTestMethod -->
        <test-method status="PASS" signature="springTestContextBeforeTestMethod(java.lang.reflect.Method)[pri:0, instance:com.spring.test.dao.EmployeeDaoImplTest@3a883ce7]" name="springTestContextBeforeTestMethod" is-config="true" duration-ms="4" started-at="2016-02-17T15:02:22Z" finished-at="2016-02-17T15:02:22Z">
          <params>
            <param index="0">
              <value>
                <![CDATA[public void com.spring.test.dao.EmployeeDaoImplTest.findById()]]>
              </value>
            </param>
          </params>
          <reporter-output>
          </reporter-output>
        </test-method> <!-- springTestContextBeforeTestMethod -->
        <test-method status="PASS" signature="setUp()[pri:0, instance:com.spring.test.dao.EmployeeDaoImplTest@3a883ce7]" name="setUp" is-config="true" duration-ms="10" started-at="2016-02-17T15:02:22Z" finished-at="2016-02-17T15:02:22Z">
          <reporter-output>
          </reporter-output>
        </test-method> <!-- setUp -->
        <test-method status="PASS" signature="findById()[pri:0, instance:com.spring.test.dao.EmployeeDaoImplTest@3a883ce7]" name="findById" duration-ms="19" started-at="2016-02-17T15:02:22Z" finished-at="2016-02-17T15:02:22Z">
          <reporter-output>
          </reporter-output>
        </test-method> <!-- findById -->
        <test-method status="PASS" signature="springTestContextAfterTestMethod(java.lang.reflect.Method)[pri:0, instance:com.spring.test.dao.EmployeeDaoImplTest@3a883ce7]" name="springTestContextAfterTestMethod" is-config="true" duration-ms="9" started-at="2016-02-17T15:02:22Z" finished-at="2016-02-17T15:02:22Z">
          <params>
            <param index="0">
              <value>
                <![CDATA[public void com.spring.test.dao.EmployeeDaoImplTest.findById()]]>
              </value>
            </param>
          </params>
          <reporter-output>
          </reporter-output>
        </test-method> <!-- springTestContextAfterTestMethod -->
        <test-method status="PASS" signature="springTestContextBeforeTestMethod(java.lang.reflect.Method)[pri:0, instance:com.spring.test.dao.EmployeeDaoImplTest@3a883ce7]" name="springTestContextBeforeTestMethod" is-config="true" duration-ms="5" started-at="2016-02-17T15:02:22Z" finished-at="2016-02-17T15:02:22Z">
          <params>
            <param index="0">
              <value>
                <![CDATA[public void com.spring.test.dao.EmployeeDaoImplTest.findEmployeeBySsn()]]>
              </value>
            </param>
          </params>
          <reporter-output>
          </reporter-output>
        </test-method> <!-- springTestContextBeforeTestMethod -->
        <test-method status="PASS" signature="setUp()[pri:0, instance:com.spring.test.dao.EmployeeDaoImplTest@3a883ce7]" name="setUp" is-config="true" duration-ms="0" started-at="2016-02-17T15:02:22Z" finished-at="2016-02-17T15:02:22Z">
          <reporter-output>
          </reporter-output>
        </test-method> <!-- setUp -->
        <test-method status="PASS" signature="findEmployeeBySsn()[pri:0, instance:com.spring.test.dao.EmployeeDaoImplTest@3a883ce7]" name="findEmployeeBySsn" duration-ms="70" started-at="2016-02-17T15:02:22Z" finished-at="2016-02-17T15:02:22Z">
          <reporter-output>
          </reporter-output>
        </test-method> <!-- findEmployeeBySsn -->
        <test-method status="PASS" signature="springTestContextAfterTestMethod(java.lang.reflect.Method)[pri:0, instance:com.spring.test.dao.EmployeeDaoImplTest@3a883ce7]" name="springTestContextAfterTestMethod" is-config="true" duration-ms="5" started-at="2016-02-17T15:02:22Z" finished-at="2016-02-17T15:02:22Z">
          <params>
            <param index="0">
              <value>
                <![CDATA[public void com.spring.test.dao.EmployeeDaoImplTest.findEmployeeBySsn()]]>
              </value>
            </param>
          </params>
          <reporter-output>
          </reporter-output>
        </test-method> <!-- springTestContextAfterTestMethod -->
        <test-method status="PASS" signature="springTestContextBeforeTestMethod(java.lang.reflect.Method)[pri:0, instance:com.spring.test.dao.EmployeeDaoImplTest@3a883ce7]" name="springTestContextBeforeTestMethod" is-config="true" duration-ms="6" started-at="2016-02-17T15:02:22Z" finished-at="2016-02-17T15:02:22Z">
          <params>
            <param index="0">
              <value>
                <![CDATA[public void com.spring.test.dao.EmployeeDaoImplTest.saveEmployee()]]>
              </value>
            </param>
          </params>
          <reporter-output>
          </reporter-output>
        </test-method> <!-- springTestContextBeforeTestMethod -->
        <test-method status="PASS" signature="setUp()[pri:0, instance:com.spring.test.dao.EmployeeDaoImplTest@3a883ce7]" name="setUp" is-config="true" duration-ms="35" started-at="2016-02-17T15:02:22Z" finished-at="2016-02-17T15:02:22Z">
          <reporter-output>
          </reporter-output>
        </test-method> <!-- setUp -->
        <test-method status="PASS" signature="saveEmployee()[pri:0, instance:com.spring.test.dao.EmployeeDaoImplTest@3a883ce7]" name="saveEmployee" duration-ms="44" started-at="2016-02-17T15:02:22Z" finished-at="2016-02-17T15:02:22Z">
          <reporter-output>
          </reporter-output>
        </test-method> <!-- saveEmployee -->
        <test-method status="PASS" signature="springTestContextAfterTestMethod(java.lang.reflect.Method)[pri:0, instance:com.spring.test.dao.EmployeeDaoImplTest@3a883ce7]" name="springTestContextAfterTestMethod" is-config="true" duration-ms="16" started-at="2016-02-17T15:02:22Z" finished-at="2016-02-17T15:02:22Z">
          <params>
            <param index="0">
              <value>
                <![CDATA[public void com.spring.test.dao.EmployeeDaoImplTest.saveEmployee()]]>
              </value>
            </param>
          </params>
          <reporter-output>
          </reporter-output>
        </test-method> <!-- springTestContextAfterTestMethod -->
        <test-method status="PASS" signature="springTestContextAfterTestClass()[pri:0, instance:com.spring.test.dao.EmployeeDaoImplTest@3a883ce7]" name="springTestContextAfterTestClass" is-config="true" duration-ms="0" started-at="2016-02-17T15:02:22Z" finished-at="2016-02-17T15:02:22Z">
          <reporter-output>
          </reporter-output>
        </test-method> <!-- springTestContextAfterTestClass -->
      </class> <!-- com.spring.test.dao.EmployeeDaoImplTest -->
      <class name="com.spring.test.service.EmployeeServiceImplTest">
        <test-method status="PASS" signature="setUp()[pri:0, instance:com.spring.test.service.EmployeeServiceImplTest@79be0360]" name="setUp" is-config="true" duration-ms="72" started-at="2016-02-17T15:02:22Z" finished-at="2016-02-17T15:02:22Z">
          <reporter-output>
          </reporter-output>
        </test-method> <!-- setUp -->
        <test-method status="PASS" signature="deleteEmployeeBySsn()[pri:0, instance:com.spring.test.service.EmployeeServiceImplTest@79be0360]" name="deleteEmployeeBySsn" duration-ms="0" started-at="2016-02-17T15:02:22Z" finished-at="2016-02-17T15:02:22Z">
          <reporter-output>
          </reporter-output>
        </test-method> <!-- deleteEmployeeBySsn -->
        <test-method status="PASS" signature="findEmployeeBySsn()[pri:0, instance:com.spring.test.service.EmployeeServiceImplTest@79be0360]" name="findEmployeeBySsn" duration-ms="0" started-at="2016-02-17T15:02:22Z" finished-at="2016-02-17T15:02:22Z">
          <reporter-output>
          </reporter-output>
        </test-method> <!-- findEmployeeBySsn -->
        <test-method status="PASS" signature="findById()[pri:0, instance:com.spring.test.service.EmployeeServiceImplTest@79be0360]" name="findById" duration-ms="0" started-at="2016-02-17T15:02:22Z" finished-at="2016-02-17T15:02:22Z">
          <reporter-output>
          </reporter-output>
        </test-method> <!-- findById -->
        <test-method status="PASS" signature="findAllEmployees()[pri:0, instance:com.spring.test.service.EmployeeServiceImplTest@79be0360]" name="findAllEmployees" duration-ms="0" started-at="2016-02-17T15:02:22Z" finished-at="2016-02-17T15:02:22Z">
          <reporter-output>
          </reporter-output>
        </test-method> <!-- findAllEmployees -->
        <test-method status="PASS" signature="isEmployeeSsnUnique()[pri:0, instance:com.spring.test.service.EmployeeServiceImplTest@79be0360]" name="isEmployeeSsnUnique" duration-ms="0" started-at="2016-02-17T15:02:22Z" finished-at="2016-02-17T15:02:22Z">
          <reporter-output>
          </reporter-output>
        </test-method> <!-- isEmployeeSsnUnique -->
        <test-method status="PASS" signature="saveEmployee()[pri:0, instance:com.spring.test.service.EmployeeServiceImplTest@79be0360]" name="saveEmployee" duration-ms="16" started-at="2016-02-17T15:02:22Z" finished-at="2016-02-17T15:02:22Z">
          <reporter-output>
          </reporter-output>
        </test-method> <!-- saveEmployee -->
        <test-method status="PASS" signature="updateEmployee()[pri:0, instance:com.spring.test.service.EmployeeServiceImplTest@79be0360]" name="updateEmployee" duration-ms="1" started-at="2016-02-17T15:02:22Z" finished-at="2016-02-17T15:02:22Z">
          <reporter-output>
          </reporter-output>
        </test-method> <!-- updateEmployee -->
      </class> <!-- com.spring.test.service.EmployeeServiceImplTest -->
    </test> <!-- Command line test -->
  </suite> <!-- Command line suite -->
</testng-results>
