<?xml version="1.0" encoding="UTF-8"?>
<!-- Generated by org.testng.reporters.JUnitXMLReporter -->
<testsuite hostname="Lenovo-PC" name="Default test" tests="6" failures="0" timestamp="17 Feb 2016 14:59:00 GMT" time="3.312" errors="0">
  <testcase name="deleteEmployeeByInvalidSsn" time="0.147" classname="com.spring.test.dao.EmployeeDaoImplTest"/>
  <testcase name="deleteEmployeeBySsn" time="0.005" classname="com.spring.test.dao.EmployeeDaoImplTest"/>
  <testcase name="findAllEmployees" time="0.003" classname="com.spring.test.dao.EmployeeDaoImplTest"/>
  <testcase name="findById" time="0.011" classname="com.spring.test.dao.EmployeeDaoImplTest"/>
  <testcase name="findEmployeeBySsn" time="0.018" classname="com.spring.test.dao.EmployeeDaoImplTest"/>
  <testcase name="saveEmployee" time="0.073" classname="com.spring.test.dao.EmployeeDaoImplTest"/>
</testsuite> <!-- Default test -->
